# JRE version: OpenJDK Runtime Environment (11.0.10) (build 11.0.10+0-b96-7249189)
# Java VM: OpenJDK 64-Bit Server VM (11.0.10+0-b96-7249189, mixed mode, tiered, compressed oops, g1 gc, windows-amd64)
Heap:
 garbage-first heap   total 270336K, used 185722K [0x0000000080000000, 0x0000000100000000)
  region size 1024K, 76 young (77824K), 8 survivors (8192K)
 Metaspace       used 118093K, capacity 121475K, committed 121588K, reserved 1155072K
  class space    used 14659K, capacity 15889K, committed 15948K, reserved 1048576K
GC Heap History (20 events):
Event: 89.366 GC heap before
{Heap before GC invocations=77 (full 0):
 garbage-first heap   total 270336K, used 145692K [0x0000000080000000, 0x0000000100000000)
  region size 1024K, 58 young (59392K), 16 survivors (16384K)
 Metaspace       used 97717K, capacity 100247K, committed 100468K, reserved 1136640K
  class space    used 12279K, capacity 13161K, committed 13260K, reserved 1048576K
}
Event: 89.377 GC heap after
{Heap after GC invocations=78 (full 0):
 garbage-first heap   total 270336K, used 105800K [0x0000000080000000, 0x0000000100000000)
  region size 1024K, 10 young (10240K), 10 survivors (10240K)
 Metaspace       used 97717K, capacity 100247K, committed 100468K, reserved 1136640K
  class space    used 12279K, capacity 13161K, committed 13260K, reserved 1048576K
}
Event: 91.111 GC heap before
{Heap before GC invocations=79 (full 0):
 garbage-first heap   total 270336K, used 222536K [0x0000000080000000, 0x0000000100000000)
  region size 1024K, 126 young (129024K), 10 survivors (10240K)
 Metaspace       used 101176K, capacity 103821K, committed 103924K, reserved 1140736K
  class space    used 12678K, capacity 13610K, committed 13644K, reserved 1048576K
}
Event: 91.116 GC heap after
{Heap after GC invocations=80 (full 0):
 garbage-first heap   total 270336K, used 105304K [0x0000000080000000, 0x0000000100000000)
  region size 1024K, 8 young (8192K), 8 survivors (8192K)
 Metaspace       used 101176K, capacity 103821K, committed 103924K, reserved 1140736K
  class space    used 12678K, capacity 13610K, committed 13644K, reserved 1048576K
}
Event: 95.293 GC heap before
{Heap before GC invocations=80 (full 0):
 garbage-first heap   total 270336K, used 226136K [0x0000000080000000, 0x0000000100000000)
  region size 1024K, 126 young (129024K), 8 survivors (8192K)
 Metaspace       used 102718K, capacity 105502K, committed 105716K, reserved 1140736K
  class space    used 12875K, capacity 13832K, committed 13900K, reserved 1048576K
}
Event: 95.300 GC heap after
{Heap after GC invocations=81 (full 0):
 garbage-first heap   total 270336K, used 107603K [0x0000000080000000, 0x0000000100000000)
  region size 1024K, 11 young (11264K), 11 survivors (11264K)
 Metaspace       used 102718K, capacity 105502K, committed 105716K, reserved 1140736K
  class space    used 12875K, capacity 13832K, committed 13900K, reserved 1048576K
}
Event: 104.732 GC heap before
{Heap before GC invocations=81 (full 0):
 garbage-first heap   total 270336K, used 226387K [0x0000000080000000, 0x0000000100000000)
  region size 1024K, 128 young (131072K), 11 survivors (11264K)
 Metaspace       used 103591K, capacity 106309K, committed 106484K, reserved 1142784K
  class space    used 12944K, capacity 13894K, committed 13900K, reserved 1048576K
}
Event: 104.743 GC heap after
{Heap after GC invocations=82 (full 0):
 garbage-first heap   total 270336K, used 110101K [0x0000000080000000, 0x0000000100000000)
  region size 1024K, 10 young (10240K), 10 survivors (10240K)
 Metaspace       used 103591K, capacity 106309K, committed 106484K, reserved 1142784K
  class space    used 12944K, capacity 13894K, committed 13900K, reserved 1048576K
}
Event: 107.685 GC heap before
{Heap before GC invocations=82 (full 0):
 garbage-first heap   total 270336K, used 226837K [0x0000000080000000, 0x0000000100000000)
  region size 1024K, 125 young (128000K), 10 survivors (10240K)
 Metaspace       used 104542K, capacity 107338K, committed 107636K, reserved 1142784K
  class space    used 13020K, capacity 13972K, committed 14028K, reserved 1048576K
}
Event: 107.689 GC heap after
{Heap after GC invocations=83 (full 0):
 garbage-first heap   total 270336K, used 110998K [0x0000000080000000, 0x0000000100000000)
  region size 1024K, 10 young (10240K), 10 survivors (10240K)
 Metaspace       used 104542K, capacity 107338K, committed 107636K, reserved 1142784K
  class space    used 13020K, capacity 13972K, committed 14028K, reserved 1048576K
}
Event: 122.688 GC heap before
{Heap before GC invocations=83 (full 0):
 garbage-first heap   total 270336K, used 229782K [0x0000000080000000, 0x0000000100000000)
  region size 1024K, 126 young (129024K), 10 survivors (10240K)
 Metaspace       used 108402K, capacity 111368K, committed 111604K, reserved 1146880K
  class space    used 13562K, capacity 14600K, committed 14668K, reserved 1048576K
}
Event: 122.693 GC heap after
{Heap after GC invocations=84 (full 0):
 garbage-first heap   total 270336K, used 112146K [0x0000000080000000, 0x0000000100000000)
  region size 1024K, 8 young (8192K), 8 survivors (8192K)
 Metaspace       used 108402K, capacity 111368K, committed 111604K, reserved 1146880K
  class space    used 13562K, capacity 14600K, committed 14668K, reserved 1048576K
}
Event: 1248.757 GC heap before
{Heap before GC invocations=84 (full 0):
 garbage-first heap   total 270336K, used 230930K [0x0000000080000000, 0x0000000100000000)
  region size 1024K, 125 young (128000K), 8 survivors (8192K)
 Metaspace       used 112376K, capacity 115681K, committed 115828K, reserved 1150976K
  class space    used 14052K, capacity 15232K, committed 15308K, reserved 1048576K
}
Event: 1248.766 GC heap after
{Heap after GC invocations=85 (full 0):
 garbage-first heap   total 270336K, used 118459K [0x0000000080000000, 0x0000000100000000)
  region size 1024K, 14 young (14336K), 14 survivors (14336K)
 Metaspace       used 112376K, capacity 115681K, committed 115828K, reserved 1150976K
  class space    used 14052K, capacity 15232K, committed 15308K, reserved 1048576K
}
Event: 1320.282 GC heap before
{Heap before GC invocations=85 (full 0):
 garbage-first heap   total 270336K, used 227003K [0x0000000080000000, 0x0000000100000000)
  region size 1024K, 121 young (123904K), 14 survivors (14336K)
 Metaspace       used 112711K, capacity 116013K, committed 116084K, reserved 1150976K
  class space    used 14082K, capacity 15282K, committed 15308K, reserved 1048576K
}
Event: 1320.289 GC heap after
{Heap after GC invocations=86 (full 0):
 garbage-first heap   total 270336K, used 117670K [0x0000000080000000, 0x0000000100000000)
  region size 1024K, 7 young (7168K), 7 survivors (7168K)
 Metaspace       used 112711K, capacity 116013K, committed 116084K, reserved 1150976K
  class space    used 14082K, capacity 15282K, committed 15308K, reserved 1048576K
}
Event: 1321.249 GC heap before
{Heap before GC invocations=86 (full 0):
 garbage-first heap   total 270336K, used 227238K [0x0000000080000000, 0x0000000100000000)
  region size 1024K, 115 young (117760K), 7 survivors (7168K)
 Metaspace       used 113193K, capacity 116460K, committed 116724K, reserved 1150976K
  class space    used 14122K, capacity 15309K, committed 15436K, reserved 1048576K
}
Event: 1321.254 GC heap after
{Heap after GC invocations=87 (full 0):
 garbage-first heap   total 270336K, used 118393K [0x0000000080000000, 0x0000000100000000)
  region size 1024K, 8 young (8192K), 8 survivors (8192K)
 Metaspace       used 113193K, capacity 116460K, committed 116724K, reserved 1150976K
  class space    used 14122K, capacity 15309K, committed 15436K, reserved 1048576K
}
Event: 1322.410 GC heap before
{Heap before GC invocations=87 (full 0):
 garbage-first heap   total 270336K, used 228985K [0x0000000080000000, 0x0000000100000000)
  region size 1024K, 116 young (118784K), 8 survivors (8192K)
 Metaspace       used 113588K, capacity 116913K, committed 116980K, reserved 1150976K
  class space    used 14170K, capacity 15374K, committed 15436K, reserved 1048576K
}
Event: 1322.414 GC heap after
{Heap after GC invocations=88 (full 0):
 garbage-first heap   total 270336K, used 118138K [0x0000000080000000, 0x0000000100000000)
  region size 1024K, 8 young (8192K), 8 survivors (8192K)
 Metaspace       used 113588K, capacity 116913K, committed 116980K, reserved 1150976K
  class space    used 14170K, capacity 15374K, committed 15436K, reserved 1048576K
}

